   1               		.file	"keymap_common.c"
   2               	__SP_H__ = 0x3e
   3               	__SP_L__ = 0x3d
   4               	__SREG__ = 0x3f
   5               	__tmp_reg__ = 0
   6               	__zero_reg__ = 1
   7               		.text
   8               	.Ltext0:
   9               		.cfi_sections	.debug_frame
  10               		.section	.text.matrix_power_up,"ax",@progbits
  11               		.weak	matrix_power_up
  13               	matrix_power_up:
  14               	.LFB4:
  15               		.file 1 "../../common/keyboard.h"
   1:../../common/keyboard.h **** /*
   2:../../common/keyboard.h **** Copyright 2011,2012,2013 Jun Wako <wakojun@gmail.com>
   3:../../common/keyboard.h **** 
   4:../../common/keyboard.h **** This program is free software: you can redistribute it and/or modify
   5:../../common/keyboard.h **** it under the terms of the GNU General Public License as published by
   6:../../common/keyboard.h **** the Free Software Foundation, either version 2 of the License, or
   7:../../common/keyboard.h **** (at your option) any later version.
   8:../../common/keyboard.h **** 
   9:../../common/keyboard.h **** This program is distributed in the hope that it will be useful,
  10:../../common/keyboard.h **** but WITHOUT ANY WARRANTY; without even the implied warranty of
  11:../../common/keyboard.h **** MERCHANTABILITY or FITNESS FOR A PARTICULAR PURPOSE.  See the
  12:../../common/keyboard.h **** GNU General Public License for more details.
  13:../../common/keyboard.h **** 
  14:../../common/keyboard.h **** You should have received a copy of the GNU General Public License
  15:../../common/keyboard.h **** along with this program.  If not, see <http://www.gnu.org/licenses/>.
  16:../../common/keyboard.h **** */
  17:../../common/keyboard.h **** 
  18:../../common/keyboard.h **** #ifndef KEYBOARD_H
  19:../../common/keyboard.h **** #define KEYBOARD_H
  20:../../common/keyboard.h **** 
  21:../../common/keyboard.h **** #include <stdbool.h>
  22:../../common/keyboard.h **** #include <stdint.h>
  23:../../common/keyboard.h **** 
  24:../../common/keyboard.h **** 
  25:../../common/keyboard.h **** #ifdef __cplusplus
  26:../../common/keyboard.h **** extern "C" {
  27:../../common/keyboard.h **** #endif
  28:../../common/keyboard.h **** 
  29:../../common/keyboard.h **** /* key matrix position */
  30:../../common/keyboard.h **** typedef struct {
  31:../../common/keyboard.h ****     uint8_t col;
  32:../../common/keyboard.h ****     uint8_t row;
  33:../../common/keyboard.h **** } keypos_t;
  34:../../common/keyboard.h **** 
  35:../../common/keyboard.h **** /* key event */
  36:../../common/keyboard.h **** typedef struct {
  37:../../common/keyboard.h ****     keypos_t key;
  38:../../common/keyboard.h ****     bool     pressed;
  39:../../common/keyboard.h ****     uint16_t time;
  40:../../common/keyboard.h **** } keyevent_t;
  41:../../common/keyboard.h **** 
  42:../../common/keyboard.h **** /* equivalent test of keypos_t */
  43:../../common/keyboard.h **** #define KEYEQ(keya, keyb)       ((keya).row == (keyb).row && (keya).col == (keyb).col)
  44:../../common/keyboard.h **** 
  45:../../common/keyboard.h **** /* Rules for No Event:
  46:../../common/keyboard.h ****  * 1) (time == 0) to handle (keyevent_t){} as empty event
  47:../../common/keyboard.h ****  * 2) Matrix(255, 255) to make TICK event available
  48:../../common/keyboard.h ****  */
  49:../../common/keyboard.h **** static inline bool IS_NOEVENT(keyevent_t event) { return event.time == 0 || (event.key.row == 255 &
  50:../../common/keyboard.h **** static inline bool IS_PRESSED(keyevent_t event) { return (!IS_NOEVENT(event) && event.pressed); }
  51:../../common/keyboard.h **** static inline bool IS_RELEASED(keyevent_t event) { return (!IS_NOEVENT(event) && !event.pressed); }
  52:../../common/keyboard.h **** 
  53:../../common/keyboard.h **** /* Tick event */
  54:../../common/keyboard.h **** #define TICK                    (keyevent_t){           \
  55:../../common/keyboard.h ****     .key = (keypos_t){ .row = 255, .col = 255 },           \
  56:../../common/keyboard.h ****     .pressed = false,                                   \
  57:../../common/keyboard.h ****     .time = (timer_read() | 1)                          \
  58:../../common/keyboard.h **** }
  59:../../common/keyboard.h **** 
  60:../../common/keyboard.h **** 
  61:../../common/keyboard.h **** void keyboard_init(void);
  62:../../common/keyboard.h **** void keyboard_task(void);
  63:../../common/keyboard.h **** void keyboard_set_leds(uint8_t leds);
  64:../../common/keyboard.h **** 
  65:../../common/keyboard.h **** __attribute__ ((weak)) void matrix_power_up(void) {}
  16               		.loc 1 65 0
  17               		.cfi_startproc
  18               	/* prologue: function */
  19               	/* frame size = 0 */
  20               	/* stack size = 0 */
  21               	.L__stack_usage = 0
  22 0000 0895      		ret
  23               		.cfi_endproc
  24               	.LFE4:
  26               		.section	.text.matrix_power_down,"ax",@progbits
  27               		.weak	matrix_power_down
  29               	matrix_power_down:
  30               	.LFB5:
  66:../../common/keyboard.h **** __attribute__ ((weak)) void matrix_power_down(void) {}
  31               		.loc 1 66 0
  32               		.cfi_startproc
  33               	/* prologue: function */
  34               	/* frame size = 0 */
  35               	/* stack size = 0 */
  36               	.L__stack_usage = 0
  37 0000 0895      		ret
  38               		.cfi_endproc
  39               	.LFE5:
  41               		.section	.text.keymap_key_to_keycode,"ax",@progbits
  42               	.global	keymap_key_to_keycode
  44               	keymap_key_to_keycode:
  45               	.LFB104:
  46               		.file 2 "keymap_common.c"
   1:keymap_common.c **** /*
   2:keymap_common.c **** Copyright 2012,2013 Jun Wako <wakojun@gmail.com>
   3:keymap_common.c **** 
   4:keymap_common.c **** This program is free software: you can redistribute it and/or modify
   5:keymap_common.c **** it under the terms of the GNU General Public License as published by
   6:keymap_common.c **** the Free Software Foundation, either version 2 of the License, or
   7:keymap_common.c **** (at your option) any later version.
   8:keymap_common.c **** 
   9:keymap_common.c **** This program is distributed in the hope that it will be useful,
  10:keymap_common.c **** but WITHOUT ANY WARRANTY; without even the implied warranty of
  11:keymap_common.c **** MERCHANTABILITY or FITNESS FOR A PARTICULAR PURPOSE.  See the
  12:keymap_common.c **** GNU General Public License for more details.
  13:keymap_common.c **** 
  14:keymap_common.c **** You should have received a copy of the GNU General Public License
  15:keymap_common.c **** along with this program.  If not, see <http://www.gnu.org/licenses/>.
  16:keymap_common.c **** */
  17:keymap_common.c **** #include "keymap_common.h"
  18:keymap_common.c **** 
  19:keymap_common.c **** 
  20:keymap_common.c **** /* translates key to keycode */
  21:keymap_common.c **** uint8_t keymap_key_to_keycode(uint8_t layer, keypos_t key)
  22:keymap_common.c **** {
  47               		.loc 2 22 0
  48               		.cfi_startproc
  49               	.LVL0:
  50               	/* prologue: function */
  51               	/* frame size = 0 */
  52               	/* stack size = 0 */
  53               	.L__stack_usage = 0
  54               	.LBB2:
  23:keymap_common.c ****     return pgm_read_byte(&keymaps[(layer)][(key.row)][(key.col)]);
  55               		.loc 2 23 0
  56 0000 9FE0      		ldi r25,lo8(15)
  57 0002 799F      		mul r23,r25
  58 0004 F001      		movw r30,r0
  59 0006 1124      		clr __zero_reg__
  60 0008 9BE4      		ldi r25,lo8(75)
  61 000a 899F      		mul r24,r25
  62 000c E00D      		add r30,r0
  63 000e F11D      		adc r31,r1
  64 0010 1124      		clr __zero_reg__
  65 0012 E60F      		add r30,r22
  66 0014 F11D      		adc r31,__zero_reg__
  67 0016 EE0F      		lsl r30
  68 0018 FF1F      		rol r31
  69               	.LVL1:
  70 001a E050      		subi r30,lo8(-(keymaps))
  71 001c F040      		sbci r31,hi8(-(keymaps))
  72               	/* #APP */
  73               	 ;  23 "keymap_common.c" 1
  74 001e 8491      		lpm r24, Z
  75               		
  76               	 ;  0 "" 2
  77               	.LVL2:
  78               	/* #NOAPP */
  79               	.LBE2:
  24:keymap_common.c **** }
  80               		.loc 2 24 0
  81 0020 0895      		ret
  82               		.cfi_endproc
  83               	.LFE104:
  85               		.section	.text.keymap_fn_to_action,"ax",@progbits
  86               	.global	keymap_fn_to_action
  88               	keymap_fn_to_action:
  89               	.LFB105:
  25:keymap_common.c **** 
  26:keymap_common.c **** /* translates Fn keycode to action */
  27:keymap_common.c **** action_t keymap_fn_to_action(uint8_t keycode)
  28:keymap_common.c **** {
  90               		.loc 2 28 0
  91               		.cfi_startproc
  92               	.LVL3:
  93               	/* prologue: function */
  94               	/* frame size = 0 */
  95               	/* stack size = 0 */
  96               	.L__stack_usage = 0
  97               	.LBB3:
  29:keymap_common.c ****     return (action_t){ .code = pgm_read_word(&fn_actions[FN_INDEX(keycode)]) };
  98               		.loc 2 29 0
  99 0000 E82F      		mov r30,r24
 100 0002 F0E0      		ldi r31,0
 101 0004 EE0F      		lsl r30
 102 0006 FF1F      		rol r31
 103 0008 E050      		subi r30,lo8(-(fn_actions-384))
 104 000a F040      		sbci r31,hi8(-(fn_actions-384))
 105               	.LVL4:
 106               	.LBE3:
  30:keymap_common.c **** }
 107               		.loc 2 30 0
 108               	/* #APP */
 109               	 ;  29 "keymap_common.c" 1
 110 000c 8591      		lpm r24, Z+
 111 000e 9491      		lpm r25, Z
 112               		
 113               	 ;  0 "" 2
 114               	.LVL5:
 115               	/* #NOAPP */
 116 0010 0895      		ret
 117               		.cfi_endproc
 118               	.LFE105:
 120               		.comm	keymap_config,1,1
 121               		.text
 122               	.Letext0:
 123               		.file 3 "/usr/lib/avr/include/stdint.h"
 124               		.file 4 "../../common/action_code.h"
 125               		.file 5 "../../common/keymap.h"
 126               		.file 6 "../../protocol/lufa/LUFA-120730/LUFA/Drivers/USB/Core/USBTask.h"
 127               		.file 7 "keymap_common.h"
 128               		.file 8 "../../common/keycode.h"
DEFINED SYMBOLS
                            *ABS*:0000000000000000 keymap_common.c
     /tmp/ccDZWDYB.s:2      *ABS*:000000000000003e __SP_H__
     /tmp/ccDZWDYB.s:3      *ABS*:000000000000003d __SP_L__
     /tmp/ccDZWDYB.s:4      *ABS*:000000000000003f __SREG__
     /tmp/ccDZWDYB.s:5      *ABS*:0000000000000000 __tmp_reg__
     /tmp/ccDZWDYB.s:6      *ABS*:0000000000000001 __zero_reg__
     /tmp/ccDZWDYB.s:13     .text.matrix_power_up:0000000000000000 matrix_power_up
     /tmp/ccDZWDYB.s:29     .text.matrix_power_down:0000000000000000 matrix_power_down
     /tmp/ccDZWDYB.s:44     .text.keymap_key_to_keycode:0000000000000000 keymap_key_to_keycode
     /tmp/ccDZWDYB.s:88     .text.keymap_fn_to_action:0000000000000000 keymap_fn_to_action
                            *COM*:0000000000000001 keymap_config

UNDEFINED SYMBOLS
keymaps
fn_actions
__do_clear_bss
